<?xml version="1.0" encoding="UTF-8"?>
<!-- Generated by org.testng.reporters.JUnitXMLReporter -->
<testsuite ignored="1" hostname="DESKTOP-OU80H79" failures="1" tests="1" name="Default test(failed)" time="0.078" errors="0" timestamp="13 Aug 2023 04:02:30 GMT">
  <testcase classname="com.app.test.Failed_Test" name="test1" time="0.024">
    <failure type="java.lang.AssertionError" message="expected [true] but found [false]">
      <![CDATA[java.lang.AssertionError: expected [true] but found [false]
	at com.app.test.Failed_Test.test1(Failed_Test.java:12)
... Removed 29 stack frames]]>
    </failure>
  </testcase> <!-- test1 -->
  <testcase classname="com.app.test.Failed_Test" name="test2" time="0.0">
    <ignored/>
  </testcase> <!-- test2 -->
</testsuite> <!-- Default test(failed) -->
