<?xml version="1.0" encoding="UTF-8"?>
<!-- Generated by org.testng.reporters.JUnitXMLReporter -->
<testsuite ignored="3" hostname="DESKTOP-OU80H79" failures="0" tests="3" name="Test" time="0.098" errors="0" timestamp="13 Aug 2023 04:57:17 GMT">
  <testcase classname="com.app.test.Test_Group1" name="test1" time="0.031"/>
  <testcase classname="com.app.test.Test_Group1" name="test3" time="0.004"/>
  <testcase classname="com.app.test.Test_Group2" name="test5" time="0.007"/>
  <testcase classname="com.app.test.Test_Group2" name="test6" time="0.0">
    <ignored/>
  </testcase> <!-- test6 -->
  <testcase classname="com.app.test.Test_Group1" name="test2" time="0.0">
    <ignored/>
  </testcase> <!-- test2 -->
  <testcase classname="com.app.test.Test_Group2" name="test4" time="0.0">
    <ignored/>
  </testcase> <!-- test4 -->
</testsuite> <!-- Test -->
