<?xml version="1.0" encoding="UTF-8"?>
<testng-results ignored="0" total="2" passed="2" failed="0" skipped="0">
  <reporter-output>
  </reporter-output>
  <suite started-at="2023-08-13T05:00:09Z" name="Default suite" finished-at="2023-08-13T05:00:09Z" duration-ms="57">
    <groups>
    </groups>
    <test started-at="2023-08-13T05:00:09Z" name="Default test" finished-at="2023-08-13T05:00:09Z" duration-ms="57">
      <class name="com.app.test.Test_Group2">
        <test-method signature="test8()[pri:0, instance:com.app.test.Test_Group2@18e36d14]" started-at="2023-08-13T10:30:09Z" name="test8" finished-at="2023-08-13T10:30:09Z" duration-ms="13" status="PASS">
          <reporter-output>
          </reporter-output>
        </test-method> <!-- test8 -->
        <test-method signature="test7()[pri:0, instance:com.app.test.Test_Group2@18e36d14]" started-at="2023-08-13T10:30:09Z" name="test7" finished-at="2023-08-13T10:30:09Z" depends-on-methods="com.app.test.Test_Group2.test8" duration-ms="2" status="PASS">
          <reporter-output>
          </reporter-output>
        </test-method> <!-- test7 -->
      </class> <!-- com.app.test.Test_Group2 -->
    </test> <!-- Default test -->
  </suite> <!-- Default suite -->
</testng-results>
